logs/1f014409-6190-45cf-8bb4-e107ef8ab781.txt
run_id:1f014409-6190-45cf-8bb4-e107ef8ab781
mlx_version:0.31.1
train_loader:shards pattern=./data/datasets/fineweb10B_sp1024_local/fineweb_train_*.bin
val_loader:shards pattern=./data/datasets/fineweb10B_sp1024_local/fineweb_val_*.bin tokens:1999872
train_loader:dataset:fineweb10B_sp1024_local train_shards:1
tokenizer_path:./data/tokenizers/fineweb_1024_bpe.model
model_params:6823436 vocab_size:1024 layers:6 dim:512 heads:4 kv_heads:4 unique_blocks:3 seq_len:1024 tie_embeddings:True
iterations:20000 train_batch_tokens:8192 grad_accum_steps:1 microbatch_tokens:8192 microbatch_batch_size:8 val_batch_size:524288 warmup_steps:20 max_wallclock_seconds:600.000
mlx_max_microbatch_tokens:8192
optimizer:muon+adam muon_matrix_params:18 scalar_params:13 embed_lr:0.05 matrix_lr:0.04 scalar_lr:0.04 muon_momentum:0.95 muon_steps:5 normuon:True
val_bpb:enabled tokenizer_kind=sentencepiece tokenizer_path=./data/tokenizers/fineweb_1024_bpe.model
compute_dtype:mlx.core.bfloat16 compile:True
dtypes tok_emb:mlx.core.bfloat16 linear_weight:mlx.core.float32 skip_weights:mlx.core.float32
warmup_step:1/20
warmup_step:2/20
warmup_step:3/20
warmup_step:4/20
warmup_step:5/20
warmup_step:6/20
warmup_step:7/20
warmup_step:8/20
warmup_step:9/20
warmup_step:10/20
warmup_step:11/20
warmup_step:12/20
warmup_step:13/20
warmup_step:14/20
warmup_step:15/20
warmup_step:16/20
warmup_step:17/20
warmup_step:18/20
warmup_step:19/20
warmup_step:20/20
step:1/20000 train_loss:6.9445 train_time:334ms step_avg:333.85ms tok_s:24539
step:2/20000 train_loss:19.3031 train_time:629ms step_avg:314.60ms tok_s:27754
step:3/20000 train_loss:15.3146 train_time:931ms step_avg:310.39ms tok_s:27155
step:4/20000 train_loss:10.9170 train_time:1226ms step_avg:306.62ms tok_s:27760
step:5/20000 train_loss:8.1019 train_time:1521ms step_avg:304.23ms tok_s:27819
step:6/20000 train_loss:7.0253 train_time:1821ms step_avg:303.44ms tok_s:27378
step:7/20000 train_loss:6.5893 train_time:2116ms step_avg:302.35ms tok_s:27717
step:8/20000 train_loss:6.5339 train_time:2417ms step_avg:302.17ms tok_s:27253
step:9/20000 train_loss:6.3881 train_time:2715ms step_avg:301.66ms tok_s:27554
step:10/20000 train_loss:6.2862 train_time:3015ms step_avg:301.53ms tok_s:27301
step:200/20000 train_loss:3.8903 train_time:59639ms step_avg:298.19ms tok_s:27413
step:400/20000 train_loss:3.8175 train_time:119350ms step_avg:298.37ms tok_s:27416
step:600/20000 train_loss:3.5237 train_time:179105ms step_avg:298.51ms tok_s:27560
step:800/20000 train_loss:3.9928 train_time:238900ms step_avg:298.63ms tok_s:26939
step:1000/20000 train_loss:3.3782 train_time:298655ms step_avg:298.66ms tok_s:27184
step:1200/20000 train_loss:3.2222 train_time:358460ms step_avg:298.72ms tok_s:27640
step:1400/20000 train_loss:3.2284 train_time:418276ms step_avg:298.77ms tok_s:27438
step:1600/20000 train_loss:2.9911 train_time:478131ms step_avg:298.83ms tok_s:27146
step:1800/20000 train_loss:2.9040 train_time:537919ms step_avg:298.84ms tok_s:27739
step:2000/20000 train_loss:2.7995 train_time:597649ms step_avg:298.82ms tok_s:27387
val_sliding_progress:1/16
val_sliding_progress:16/16
step:2008/20000 val_loss:2.8397 val_bpb:1.7016 train_time:600037ms step_avg:298.82ms
stopping_early: wallclock_cap train_time:600037ms step:2008/20000
saved_model:logs/1f014409-6190-45cf-8bb4-e107ef8ab781_mlx_model.npz bytes:26252508
serialized_model_int8_zlib:5954465 bytes (payload:6870064 raw_pickle:6873405 payload_ratio:3.82x)
val_sliding_progress:1/16
val_sliding_progress:16/16
final_int8_zlib_roundtrip val_loss:2.8420 val_bpb:1.7030 eval_time:64580ms
final_int8_zlib_roundtrip_exact val_loss:2.84198634 val_bpb:1.70297191
