logs/78a285ad-826f-4e8e-88f7-8290024f953f.txt
run_id:78a285ad-826f-4e8e-88f7-8290024f953f
mlx_version:0.31.1
train_loader:shards pattern=./data/datasets/fineweb10B_sp1024_local/fineweb_train_*.bin
val_loader:shards pattern=./data/datasets/fineweb10B_sp1024_local/fineweb_val_*.bin tokens:1999872
train_loader:dataset:fineweb10B_sp1024_local train_shards:1
tokenizer_path:./data/tokenizers/fineweb_1024_bpe.model
model_params:6823436 vocab_size:1024 layers:6 dim:512 heads:4 kv_heads:4 unique_blocks:3 seq_len:1024 tie_embeddings:True
iterations:20000 train_batch_tokens:8192 grad_accum_steps:1 microbatch_tokens:8192 microbatch_batch_size:8 val_batch_size:524288 warmup_steps:20 max_wallclock_seconds:600.000
mlx_max_microbatch_tokens:8192
optimizer:muon+adam muon_matrix_params:18 scalar_params:13 embed_lr:0.05 matrix_lr:0.04 scalar_lr:0.04 muon_momentum:0.95 muon_steps:5
val_bpb:enabled tokenizer_kind=sentencepiece tokenizer_path=./data/tokenizers/fineweb_1024_bpe.model
compute_dtype:mlx.core.bfloat16 compile:True
dtypes tok_emb:mlx.core.bfloat16 linear_weight:mlx.core.float32 skip_weights:mlx.core.float32
warmup_step:1/20
warmup_step:2/20
warmup_step:3/20
warmup_step:4/20
warmup_step:5/20
warmup_step:6/20
warmup_step:7/20
warmup_step:8/20
warmup_step:9/20
warmup_step:10/20
warmup_step:11/20
warmup_step:12/20
warmup_step:13/20
warmup_step:14/20
warmup_step:15/20
warmup_step:16/20
warmup_step:17/20
warmup_step:18/20
warmup_step:19/20
warmup_step:20/20
step:1/20000 train_loss:6.9445 train_time:309ms step_avg:308.91ms tok_s:26520
step:2/20000 train_loss:19.3038 train_time:602ms step_avg:301.22ms tok_s:27926
step:3/20000 train_loss:15.3108 train_time:901ms step_avg:300.33ms tok_s:27463
step:4/20000 train_loss:10.9080 train_time:1195ms step_avg:298.74ms tok_s:27893
step:5/20000 train_loss:8.0846 train_time:1493ms step_avg:298.61ms tok_s:27509
step:6/20000 train_loss:7.0202 train_time:1792ms step_avg:298.72ms tok_s:27401
step:7/20000 train_loss:6.5778 train_time:2088ms step_avg:298.22ms tok_s:27781
step:8/20000 train_loss:6.5211 train_time:2386ms step_avg:298.23ms tok_s:27487
step:9/20000 train_loss:6.3776 train_time:2679ms step_avg:297.62ms tok_s:27996
step:10/20000 train_loss:6.2838 train_time:2973ms step_avg:297.27ms tok_s:27881
step:200/20000 train_loss:3.9403 train_time:59170ms step_avg:295.85ms tok_s:27498
step:400/20000 train_loss:3.8478 train_time:118460ms step_avg:296.15ms tok_s:27769
step:600/20000 train_loss:3.5580 train_time:177767ms step_avg:296.28ms tok_s:27487
step:800/20000 train_loss:4.0172 train_time:237035ms step_avg:296.29ms tok_s:27466
step:1000/20000 train_loss:3.4236 train_time:296330ms step_avg:296.33ms tok_s:27677
step:1200/20000 train_loss:3.3171 train_time:355582ms step_avg:296.32ms tok_s:27464
step:1400/20000 train_loss:3.3177 train_time:414845ms step_avg:296.32ms tok_s:27637
step:1600/20000 train_loss:3.0414 train_time:474340ms step_avg:296.46ms tok_s:27548
step:1800/20000 train_loss:2.9430 train_time:534052ms step_avg:296.70ms tok_s:27825
step:2000/20000 train_loss:2.8249 train_time:593813ms step_avg:296.91ms tok_s:28082
val_sliding_progress:1/16
val_sliding_progress:16/16
step:2021/20000 val_loss:2.8763 val_bpb:1.7235 train_time:600090ms step_avg:296.93ms
stopping_early: wallclock_cap train_time:600090ms step:2021/20000
swa_applied: averaged 503 checkpoints (start_frac:0.75)
saved_model:logs/78a285ad-826f-4e8e-88f7-8290024f953f_mlx_model.npz bytes:26252508
serialized_model_int8_zlib:5913327 bytes (payload:6870064 raw_pickle:6873405 payload_ratio:3.82x)
val_sliding_progress:1/16
val_sliding_progress:16/16
final_int8_zlib_roundtrip val_loss:2.8948 val_bpb:1.7346 eval_time:64588ms
final_int8_zlib_roundtrip_exact val_loss:2.89481116 val_bpb:1.73462554
Traceback (most recent call last):
  File "/Users/michaelellis/Projects/parameter-golf/train_gpt_mlx.py", line 1377, in <module>
    main()
    ~~~~^^
  File "/Users/michaelellis/Projects/parameter-golf/train_gpt_mlx.py", line 1370, in main
    del model, optimizer, compiled_loss
               ^^^^^^^^^
UnboundLocalError: cannot access local variable 'optimizer' where it is not associated with a value
